The system is: Linux - 4.0.0-2-generic - x86_64
Compiling the C compiler identification source file "CMakeCCompilerId.c" succeeded.
Compiler: /usr/bin/cc 
Build flags: 
Id flags: 

The output was:
0


Compilation of the C compiler identification source "CMakeCCompilerId.c" produced "a.out"

The C compiler identification is Clang, found in "/home/decker/Git/bihologram/Biholograma/CMakeFiles/3.2.2/CompilerIdC/a.out"

Compiling the CXX compiler identification source file "CMakeCXXCompilerId.cpp" succeeded.
Compiler: /usr/bin/c++ 
Build flags: 
Id flags: -c

The output was:
0


Compilation of the CXX compiler identification source "CMakeCXXCompilerId.cpp" produced "CMakeCXXCompilerId.o"

The CXX compiler identification is Clang, found in "/home/decker/Git/bihologram/Biholograma/CMakeFiles/3.2.2/CompilerIdCXX/CMakeCXXCompilerId.o"

Determining if the C compiler works passed with the following output:
Change Dir: /home/decker/Git/bihologram/Biholograma/CMakeFiles/CMakeTmp

Run Build Command:"/usr/bin/make" "cmTryCompileExec1903382658/fast"
/usr/bin/make -f CMakeFiles/cmTryCompileExec1903382658.dir/build.make CMakeFiles/cmTryCompileExec1903382658.dir/build
make[1]: Entering directory '/home/decker/Git/bihologram/Biholograma/CMakeFiles/CMakeTmp'
/usr/bin/cmake -E cmake_progress_report /home/decker/Git/bihologram/Biholograma/CMakeFiles/CMakeTmp/CMakeFiles 1
Building C object CMakeFiles/cmTryCompileExec1903382658.dir/testCCompiler.c.o
/usr/bin/cc    -o CMakeFiles/cmTryCompileExec1903382658.dir/testCCompiler.c.o   -c /home/decker/Git/bihologram/Biholograma/CMakeFiles/CMakeTmp/testCCompiler.c
Linking C executable cmTryCompileExec1903382658
/usr/bin/cmake -E cmake_link_script CMakeFiles/cmTryCompileExec1903382658.dir/link.txt --verbose=1
/usr/bin/cc       CMakeFiles/cmTryCompileExec1903382658.dir/testCCompiler.c.o  -o cmTryCompileExec1903382658 -rdynamic 
make[1]: Leaving directory '/home/decker/Git/bihologram/Biholograma/CMakeFiles/CMakeTmp'


Detecting C compiler ABI info compiled with the following output:
Change Dir: /home/decker/Git/bihologram/Biholograma/CMakeFiles/CMakeTmp

Run Build Command:"/usr/bin/make" "cmTryCompileExec3640644479/fast"
/usr/bin/make -f CMakeFiles/cmTryCompileExec3640644479.dir/build.make CMakeFiles/cmTryCompileExec3640644479.dir/build
make[1]: Entering directory '/home/decker/Git/bihologram/Biholograma/CMakeFiles/CMakeTmp'
/usr/bin/cmake -E cmake_progress_report /home/decker/Git/bihologram/Biholograma/CMakeFiles/CMakeTmp/CMakeFiles 1
Building C object CMakeFiles/cmTryCompileExec3640644479.dir/CMakeCCompilerABI.c.o
/usr/bin/cc    -o CMakeFiles/cmTryCompileExec3640644479.dir/CMakeCCompilerABI.c.o   -c /usr/share/cmake-3.2/Modules/CMakeCCompilerABI.c
Linking C executable cmTryCompileExec3640644479
/usr/bin/cmake -E cmake_link_script CMakeFiles/cmTryCompileExec3640644479.dir/link.txt --verbose=1
/usr/bin/cc      -v CMakeFiles/cmTryCompileExec3640644479.dir/CMakeCCompilerABI.c.o  -o cmTryCompileExec3640644479 -rdynamic  
Ubuntu clang version 3.6.0-2ubuntu1 (tags/RELEASE_360/final) (based on LLVM 3.6.0)
Target: x86_64-pc-linux-gnu
Thread model: posix
Found candidate GCC installation: /usr/bin/../lib/gcc/i686-linux-gnu/5.1.1
Found candidate GCC installation: /usr/bin/../lib/gcc/x86_64-linux-gnu/4.9
Found candidate GCC installation: /usr/bin/../lib/gcc/x86_64-linux-gnu/4.9.2
Found candidate GCC installation: /usr/bin/../lib/gcc/x86_64-linux-gnu/5.1.1
Found candidate GCC installation: /usr/lib/gcc/i686-linux-gnu/5.1.1
Found candidate GCC installation: /usr/lib/gcc/x86_64-linux-gnu/4.9
Found candidate GCC installation: /usr/lib/gcc/x86_64-linux-gnu/4.9.2
Found candidate GCC installation: /usr/lib/gcc/x86_64-linux-gnu/5.1.1
Selected GCC installation: /usr/bin/../lib/gcc/x86_64-linux-gnu/5.1.1
Candidate multilib: .;@m64
Selected multilib: .;@m64
 "/usr/bin/ld" -export-dynamic --eh-frame-hdr -m elf_x86_64 -dynamic-linker /lib64/ld-linux-x86-64.so.2 -o cmTryCompileExec3640644479 /usr/bin/../lib/gcc/x86_64-linux-gnu/5.1.1/../../../x86_64-linux-gnu/crt1.o /usr/bin/../lib/gcc/x86_64-linux-gnu/5.1.1/../../../x86_64-linux-gnu/crti.o /usr/bin/../lib/gcc/x86_64-linux-gnu/5.1.1/crtbegin.o -L/usr/bin/../lib/gcc/x86_64-linux-gnu/5.1.1 -L/usr/bin/../lib/gcc/x86_64-linux-gnu/5.1.1/../../../x86_64-linux-gnu -L/lib/x86_64-linux-gnu -L/lib/../lib64 -L/usr/lib/x86_64-linux-gnu -L/usr/bin/../lib/gcc/x86_64-linux-gnu/5.1.1/../../.. -L/usr/lib/llvm-3.6/bin/../lib -L/lib -L/usr/lib CMakeFiles/cmTryCompileExec3640644479.dir/CMakeCCompilerABI.c.o -lgcc --as-needed -lgcc_s --no-as-needed -lc -lgcc --as-needed -lgcc_s --no-as-needed /usr/bin/../lib/gcc/x86_64-linux-gnu/5.1.1/crtend.o /usr/bin/../lib/gcc/x86_64-linux-gnu/5.1.1/../../../x86_64-linux-gnu/crtn.o
make[1]: Leaving directory '/home/decker/Git/bihologram/Biholograma/CMakeFiles/CMakeTmp'


Parsed C implicit link information from above output:
  link line regex: [^( *|.*[/\])(ld|([^/\]+-)?ld|collect2)[^/\]*( |$)]
  ignore line: [Change Dir: /home/decker/Git/bihologram/Biholograma/CMakeFiles/CMakeTmp]
  ignore line: []
  ignore line: [Run Build Command:"/usr/bin/make" "cmTryCompileExec3640644479/fast"]
  ignore line: [/usr/bin/make -f CMakeFiles/cmTryCompileExec3640644479.dir/build.make CMakeFiles/cmTryCompileExec3640644479.dir/build]
  ignore line: [make[1]: Entering directory '/home/decker/Git/bihologram/Biholograma/CMakeFiles/CMakeTmp']
  ignore line: [/usr/bin/cmake -E cmake_progress_report /home/decker/Git/bihologram/Biholograma/CMakeFiles/CMakeTmp/CMakeFiles 1]
  ignore line: [Building C object CMakeFiles/cmTryCompileExec3640644479.dir/CMakeCCompilerABI.c.o]
  ignore line: [/usr/bin/cc    -o CMakeFiles/cmTryCompileExec3640644479.dir/CMakeCCompilerABI.c.o   -c /usr/share/cmake-3.2/Modules/CMakeCCompilerABI.c]
  ignore line: [Linking C executable cmTryCompileExec3640644479]
  ignore line: [/usr/bin/cmake -E cmake_link_script CMakeFiles/cmTryCompileExec3640644479.dir/link.txt --verbose=1]
  ignore line: [/usr/bin/cc      -v CMakeFiles/cmTryCompileExec3640644479.dir/CMakeCCompilerABI.c.o  -o cmTryCompileExec3640644479 -rdynamic  ]
  ignore line: [Ubuntu clang version 3.6.0-2ubuntu1 (tags/RELEASE_360/final) (based on LLVM 3.6.0)]
  ignore line: [Target: x86_64-pc-linux-gnu]
  ignore line: [Thread model: posix]
  ignore line: [Found candidate GCC installation: /usr/bin/../lib/gcc/i686-linux-gnu/5.1.1]
  ignore line: [Found candidate GCC installation: /usr/bin/../lib/gcc/x86_64-linux-gnu/4.9]
  ignore line: [Found candidate GCC installation: /usr/bin/../lib/gcc/x86_64-linux-gnu/4.9.2]
  ignore line: [Found candidate GCC installation: /usr/bin/../lib/gcc/x86_64-linux-gnu/5.1.1]
  ignore line: [Found candidate GCC installation: /usr/lib/gcc/i686-linux-gnu/5.1.1]
  ignore line: [Found candidate GCC installation: /usr/lib/gcc/x86_64-linux-gnu/4.9]
  ignore line: [Found candidate GCC installation: /usr/lib/gcc/x86_64-linux-gnu/4.9.2]
  ignore line: [Found candidate GCC installation: /usr/lib/gcc/x86_64-linux-gnu/5.1.1]
  ignore line: [Selected GCC installation: /usr/bin/../lib/gcc/x86_64-linux-gnu/5.1.1]
  ignore line: [Candidate multilib: .]
  ignore line: [@m64]
  ignore line: [Selected multilib: .]
  ignore line: [@m64]
  link line: [ "/usr/bin/ld" -export-dynamic --eh-frame-hdr -m elf_x86_64 -dynamic-linker /lib64/ld-linux-x86-64.so.2 -o cmTryCompileExec3640644479 /usr/bin/../lib/gcc/x86_64-linux-gnu/5.1.1/../../../x86_64-linux-gnu/crt1.o /usr/bin/../lib/gcc/x86_64-linux-gnu/5.1.1/../../../x86_64-linux-gnu/crti.o /usr/bin/../lib/gcc/x86_64-linux-gnu/5.1.1/crtbegin.o -L/usr/bin/../lib/gcc/x86_64-linux-gnu/5.1.1 -L/usr/bin/../lib/gcc/x86_64-linux-gnu/5.1.1/../../../x86_64-linux-gnu -L/lib/x86_64-linux-gnu -L/lib/../lib64 -L/usr/lib/x86_64-linux-gnu -L/usr/bin/../lib/gcc/x86_64-linux-gnu/5.1.1/../../.. -L/usr/lib/llvm-3.6/bin/../lib -L/lib -L/usr/lib CMakeFiles/cmTryCompileExec3640644479.dir/CMakeCCompilerABI.c.o -lgcc --as-needed -lgcc_s --no-as-needed -lc -lgcc --as-needed -lgcc_s --no-as-needed /usr/bin/../lib/gcc/x86_64-linux-gnu/5.1.1/crtend.o /usr/bin/../lib/gcc/x86_64-linux-gnu/5.1.1/../../../x86_64-linux-gnu/crtn.o]
    arg [/usr/bin/ld] ==> ignore
    arg [-export-dynamic] ==> ignore
    arg [--eh-frame-hdr] ==> ignore
    arg [-m] ==> ignore
    arg [elf_x86_64] ==> ignore
    arg [-dynamic-linker] ==> ignore
    arg [/lib64/ld-linux-x86-64.so.2] ==> ignore
    arg [-o] ==> ignore
    arg [cmTryCompileExec3640644479] ==> ignore
    arg [/usr/bin/../lib/gcc/x86_64-linux-gnu/5.1.1/../../../x86_64-linux-gnu/crt1.o] ==> ignore
    arg [/usr/bin/../lib/gcc/x86_64-linux-gnu/5.1.1/../../../x86_64-linux-gnu/crti.o] ==> ignore
    arg [/usr/bin/../lib/gcc/x86_64-linux-gnu/5.1.1/crtbegin.o] ==> ignore
    arg [-L/usr/bin/../lib/gcc/x86_64-linux-gnu/5.1.1] ==> dir [/usr/bin/../lib/gcc/x86_64-linux-gnu/5.1.1]
    arg [-L/usr/bin/../lib/gcc/x86_64-linux-gnu/5.1.1/../../../x86_64-linux-gnu] ==> dir [/usr/bin/../lib/gcc/x86_64-linux-gnu/5.1.1/../../../x86_64-linux-gnu]
    arg [-L/lib/x86_64-linux-gnu] ==> dir [/lib/x86_64-linux-gnu]
    arg [-L/lib/../lib64] ==> dir [/lib/../lib64]
    arg [-L/usr/lib/x86_64-linux-gnu] ==> dir [/usr/lib/x86_64-linux-gnu]
    arg [-L/usr/bin/../lib/gcc/x86_64-linux-gnu/5.1.1/../../..] ==> dir [/usr/bin/../lib/gcc/x86_64-linux-gnu/5.1.1/../../..]
    arg [-L/usr/lib/llvm-3.6/bin/../lib] ==> dir [/usr/lib/llvm-3.6/bin/../lib]
    arg [-L/lib] ==> dir [/lib]
    arg [-L/usr/lib] ==> dir [/usr/lib]
    arg [CMakeFiles/cmTryCompileExec3640644479.dir/CMakeCCompilerABI.c.o] ==> ignore
    arg [-lgcc] ==> lib [gcc]
    arg [--as-needed] ==> ignore
    arg [-lgcc_s] ==> lib [gcc_s]
    arg [--no-as-needed] ==> ignore
    arg [-lc] ==> lib [c]
    arg [-lgcc] ==> lib [gcc]
    arg [--as-needed] ==> ignore
    arg [-lgcc_s] ==> lib [gcc_s]
    arg [--no-as-needed] ==> ignore
    arg [/usr/bin/../lib/gcc/x86_64-linux-gnu/5.1.1/crtend.o] ==> ignore
    arg [/usr/bin/../lib/gcc/x86_64-linux-gnu/5.1.1/../../../x86_64-linux-gnu/crtn.o] ==> ignore
  remove lib [gcc]
  remove lib [gcc_s]
  remove lib [gcc]
  remove lib [gcc_s]
  collapse library dir [/usr/bin/../lib/gcc/x86_64-linux-gnu/5.1.1] ==> [/usr/lib/gcc/x86_64-linux-gnu/5.1.1]
  collapse library dir [/usr/bin/../lib/gcc/x86_64-linux-gnu/5.1.1/../../../x86_64-linux-gnu] ==> [/usr/lib/x86_64-linux-gnu]
  collapse library dir [/lib/x86_64-linux-gnu] ==> [/lib/x86_64-linux-gnu]
  collapse library dir [/lib/../lib64] ==> [/lib64]
  collapse library dir [/usr/lib/x86_64-linux-gnu] ==> [/usr/lib/x86_64-linux-gnu]
  collapse library dir [/usr/bin/../lib/gcc/x86_64-linux-gnu/5.1.1/../../..] ==> [/usr/lib]
  collapse library dir [/usr/lib/llvm-3.6/bin/../lib] ==> [/usr/lib/llvm-3.6/lib]
  collapse library dir [/lib] ==> [/lib]
  collapse library dir [/usr/lib] ==> [/usr/lib]
  implicit libs: [c]
  implicit dirs: [/usr/lib/gcc/x86_64-linux-gnu/5.1.1;/usr/lib/x86_64-linux-gnu;/lib/x86_64-linux-gnu;/lib64;/usr/lib;/usr/lib/llvm-3.6/lib;/lib]
  implicit fwks: []




Detecting C [-std=c11] compiler features compiled with the following output:
Change Dir: /home/decker/Git/bihologram/Biholograma/CMakeFiles/CMakeTmp

Run Build Command:"/usr/bin/make" "cmTryCompileExec3809016740/fast"
/usr/bin/make -f CMakeFiles/cmTryCompileExec3809016740.dir/build.make CMakeFiles/cmTryCompileExec3809016740.dir/build
make[1]: Entering directory '/home/decker/Git/bihologram/Biholograma/CMakeFiles/CMakeTmp'
/usr/bin/cmake -E cmake_progress_report /home/decker/Git/bihologram/Biholograma/CMakeFiles/CMakeTmp/CMakeFiles 1
Building C object CMakeFiles/cmTryCompileExec3809016740.dir/feature_tests.c.o
/usr/bin/cc   -std=c11 -o CMakeFiles/cmTryCompileExec3809016740.dir/feature_tests.c.o   -c /home/decker/Git/bihologram/Biholograma/CMakeFiles/feature_tests.c
Linking C executable cmTryCompileExec3809016740
/usr/bin/cmake -E cmake_link_script CMakeFiles/cmTryCompileExec3809016740.dir/link.txt --verbose=1
/usr/bin/cc       CMakeFiles/cmTryCompileExec3809016740.dir/feature_tests.c.o  -o cmTryCompileExec3809016740 -rdynamic 
make[1]: Leaving directory '/home/decker/Git/bihologram/Biholograma/CMakeFiles/CMakeTmp'


    Feature record: C_FEATURE:1c_function_prototypes
    Feature record: C_FEATURE:1c_restrict
    Feature record: C_FEATURE:1c_static_assert
    Feature record: C_FEATURE:1c_variadic_macros


Detecting C [-std=c99] compiler features compiled with the following output:
Change Dir: /home/decker/Git/bihologram/Biholograma/CMakeFiles/CMakeTmp

Run Build Command:"/usr/bin/make" "cmTryCompileExec4003204868/fast"
/usr/bin/make -f CMakeFiles/cmTryCompileExec4003204868.dir/build.make CMakeFiles/cmTryCompileExec4003204868.dir/build
make[1]: Entering directory '/home/decker/Git/bihologram/Biholograma/CMakeFiles/CMakeTmp'
/usr/bin/cmake -E cmake_progress_report /home/decker/Git/bihologram/Biholograma/CMakeFiles/CMakeTmp/CMakeFiles 1
Building C object CMakeFiles/cmTryCompileExec4003204868.dir/feature_tests.c.o
/usr/bin/cc   -std=c99 -o CMakeFiles/cmTryCompileExec4003204868.dir/feature_tests.c.o   -c /home/decker/Git/bihologram/Biholograma/CMakeFiles/feature_tests.c
Linking C executable cmTryCompileExec4003204868
/usr/bin/cmake -E cmake_link_script CMakeFiles/cmTryCompileExec4003204868.dir/link.txt --verbose=1
/usr/bin/cc       CMakeFiles/cmTryCompileExec4003204868.dir/feature_tests.c.o  -o cmTryCompileExec4003204868 -rdynamic 
make[1]: Leaving directory '/home/decker/Git/bihologram/Biholograma/CMakeFiles/CMakeTmp'


    Feature record: C_FEATURE:1c_function_prototypes
    Feature record: C_FEATURE:1c_restrict
    Feature record: C_FEATURE:0c_static_assert
    Feature record: C_FEATURE:1c_variadic_macros


Detecting C [-std=c90] compiler features compiled with the following output:
Change Dir: /home/decker/Git/bihologram/Biholograma/CMakeFiles/CMakeTmp

Run Build Command:"/usr/bin/make" "cmTryCompileExec2880874982/fast"
/usr/bin/make -f CMakeFiles/cmTryCompileExec2880874982.dir/build.make CMakeFiles/cmTryCompileExec2880874982.dir/build
make[1]: Entering directory '/home/decker/Git/bihologram/Biholograma/CMakeFiles/CMakeTmp'
/usr/bin/cmake -E cmake_progress_report /home/decker/Git/bihologram/Biholograma/CMakeFiles/CMakeTmp/CMakeFiles 1
Building C object CMakeFiles/cmTryCompileExec2880874982.dir/feature_tests.c.o
/usr/bin/cc   -std=c90 -o CMakeFiles/cmTryCompileExec2880874982.dir/feature_tests.c.o   -c /home/decker/Git/bihologram/Biholograma/CMakeFiles/feature_tests.c
Linking C executable cmTryCompileExec2880874982
/usr/bin/cmake -E cmake_link_script CMakeFiles/cmTryCompileExec2880874982.dir/link.txt --verbose=1
/usr/bin/cc       CMakeFiles/cmTryCompileExec2880874982.dir/feature_tests.c.o  -o cmTryCompileExec2880874982 -rdynamic 
make[1]: Leaving directory '/home/decker/Git/bihologram/Biholograma/CMakeFiles/CMakeTmp'


    Feature record: C_FEATURE:1c_function_prototypes
    Feature record: C_FEATURE:0c_restrict
    Feature record: C_FEATURE:0c_static_assert
    Feature record: C_FEATURE:0c_variadic_macros
Compiling the CXX compiler identification source file "CMakeCXXCompilerId.cpp" succeeded.
Compiler: /usr/bin/c++ 
Build flags: 
Id flags: -c

The output was:
0


Compilation of the CXX compiler identification source "CMakeCXXCompilerId.cpp" produced "CMakeCXXCompilerId.o"

The CXX compiler identification is Clang, found in "/home/decker/Git/bihologram/Biholograma/CMakeFiles/3.2.2/CompilerIdCXX/CMakeCXXCompilerId.o"

Compiling the CXX compiler identification source file "CMakeCXXCompilerId.cpp" succeeded.
Compiler: /usr/bin/c++ 
Build flags: 
Id flags: -c

The output was:
0


Compilation of the CXX compiler identification source "CMakeCXXCompilerId.cpp" produced "CMakeCXXCompilerId.o"

The CXX compiler identification is Clang, found in "/home/decker/Git/bihologram/Biholograma/CMakeFiles/3.2.2/CompilerIdCXX/CMakeCXXCompilerId.o"

Determining if the CXX compiler works passed with the following output:
Change Dir: /home/decker/Git/bihologram/Biholograma/CMakeFiles/CMakeTmp

Run Build Command:"/usr/bin/make" "cmTryCompileExec4216512928/fast"
/usr/bin/make -f CMakeFiles/cmTryCompileExec4216512928.dir/build.make CMakeFiles/cmTryCompileExec4216512928.dir/build
make[1]: Entering directory '/home/decker/Git/bihologram/Biholograma/CMakeFiles/CMakeTmp'
/usr/bin/cmake -E cmake_progress_report /home/decker/Git/bihologram/Biholograma/CMakeFiles/CMakeTmp/CMakeFiles 1
Building CXX object CMakeFiles/cmTryCompileExec4216512928.dir/testCXXCompiler.cxx.o
/usr/bin/c++     -o CMakeFiles/cmTryCompileExec4216512928.dir/testCXXCompiler.cxx.o -c /home/decker/Git/bihologram/Biholograma/CMakeFiles/CMakeTmp/testCXXCompiler.cxx
Linking CXX executable cmTryCompileExec4216512928
/usr/bin/cmake -E cmake_link_script CMakeFiles/cmTryCompileExec4216512928.dir/link.txt --verbose=1
/usr/bin/c++        CMakeFiles/cmTryCompileExec4216512928.dir/testCXXCompiler.cxx.o  -o cmTryCompileExec4216512928  
make[1]: Leaving directory '/home/decker/Git/bihologram/Biholograma/CMakeFiles/CMakeTmp'


Detecting CXX compiler ABI info compiled with the following output:
Change Dir: /home/decker/Git/bihologram/Biholograma/CMakeFiles/CMakeTmp

Run Build Command:"/usr/bin/make" "cmTryCompileExec3895875351/fast"
/usr/bin/make -f CMakeFiles/cmTryCompileExec3895875351.dir/build.make CMakeFiles/cmTryCompileExec3895875351.dir/build
make[1]: Entering directory '/home/decker/Git/bihologram/Biholograma/CMakeFiles/CMakeTmp'
/usr/bin/cmake -E cmake_progress_report /home/decker/Git/bihologram/Biholograma/CMakeFiles/CMakeTmp/CMakeFiles 1
Building CXX object CMakeFiles/cmTryCompileExec3895875351.dir/CMakeCXXCompilerABI.cpp.o
/usr/bin/c++     -o CMakeFiles/cmTryCompileExec3895875351.dir/CMakeCXXCompilerABI.cpp.o -c /usr/share/cmake-3.2/Modules/CMakeCXXCompilerABI.cpp
Linking CXX executable cmTryCompileExec3895875351
/usr/bin/cmake -E cmake_link_script CMakeFiles/cmTryCompileExec3895875351.dir/link.txt --verbose=1
/usr/bin/c++        CMakeFiles/cmTryCompileExec3895875351.dir/CMakeCXXCompilerABI.cpp.o  -o cmTryCompileExec3895875351   
make[1]: Leaving directory '/home/decker/Git/bihologram/Biholograma/CMakeFiles/CMakeTmp'


